\BOOKMARK [0][-]{Doc-Start}{\376\377\000\315\000n\000d\000i\000c\000e}{}% 1
\BOOKMARK [0][-]{chapter.1}{\376\377\000T\000e\000m\000a\000\040\0001\000:\000\040\000S\000i\000s\000t\000e\000m\000a\000s\000\040\000d\000e\000\040\000e\000c\000u\000a\000c\000i\000o\000n\000s\000\040\000l\000i\000n\000e\000a\000l\000e\000s\000\040\000y\000\040\000c\000\341\000l\000c\000u\000l\000o}{}% 2
\BOOKMARK [1][-]{section.1.1}{\376\377\000M\000a\000t\000r\000i\000c\000e\000s\000:\000\040\000C\000o\000n\000c\000e\000p\000t\000o\000s\000\040\000P\000r\000e\000l\000i\000m\000i\000n\000a\000r\000e\000s}{chapter.1}% 3
\BOOKMARK [2][-]{subsection.1.1.1}{\376\377\000E\000l\000e\000m\000e\000n\000t\000o\000s\000\040\000d\000e\000s\000t\000a\000c\000a\000d\000o\000s}{section.1.1}% 4
\BOOKMARK [1][-]{section.1.2}{\376\377\000S\000u\000m\000a\000\040\000d\000e\000\040\000M\000a\000t\000r\000i\000c\000e\000s}{chapter.1}% 5
\BOOKMARK [1][-]{section.1.3}{\376\377\000M\000u\000l\000t\000i\000p\000l\000i\000c\000a\000c\000i\000\363\000n}{chapter.1}% 6
\BOOKMARK [2][-]{subsection.1.3.1}{\376\377\000P\000r\000o\000d\000u\000c\000t\000o\000\040\000p\000o\000r\000\040\000u\000n\000\040\000e\000s\000c\000a\000l\000a\000r}{section.1.3}% 7
\BOOKMARK [2][-]{subsection.1.3.2}{\376\377\000P\000r\000o\000d\000u\000c\000t\000o\000\040\000M\000a\000t\000r\000i\000c\000i\000a\000l}{section.1.3}% 8
\BOOKMARK [1][-]{section.1.4}{\376\377\000T\000r\000a\000s\000p\000u\000e\000s\000t\000a}{chapter.1}% 9
\BOOKMARK [1][-]{section.1.5}{\376\377\000M\000a\000t\000r\000i\000c\000e\000s\000\040\000c\000u\000a\000d\000r\000a\000d\000a\000s}{chapter.1}% 10
\BOOKMARK [1][-]{section.1.6}{\376\377\000P\000r\000o\000p\000i\000e\000d\000a\000d\000e\000s\000\040\000d\000e\000\040\000l\000a\000\040\000M\000a\000t\000r\000i\000z\000\040\000I\000n\000v\000e\000r\000s\000a}{chapter.1}% 11
\BOOKMARK [1][-]{section.1.7}{\376\377\000S\000i\000s\000t\000e\000m\000a\000s\000\040\000d\000e\000\040\000e\000c\000u\000a\000c\000i\000o\000n\000s}{chapter.1}% 12
\BOOKMARK [2][-]{subsection.1.7.1}{\376\377\000T\000e\000o\000r\000e\000m\000a\000\040\000d\000e\000\040\000R\000o\000u\000c\000h\000e}{section.1.7}% 13
\BOOKMARK [1][-]{section.1.8}{\376\377\000F\000o\000r\000m\000a\000\040\000e\000s\000c\000a\000l\000o\000n\000a\000d\000a\000\040\000r\000e\000d\000u\000c\000i\000d\000a}{chapter.1}% 14
\BOOKMARK [1][-]{section.1.9}{\376\377\000T\000r\000a\000n\000s\000f\000o\000r\000m\000a\000c\000i\000o\000n\000e\000s\000\040\000E\000l\000e\000m\000e\000n\000t\000a\000l\000e\000s}{chapter.1}% 15
\BOOKMARK [2][-]{subsection.1.9.1}{\376\377\000E\000q\000u\000i\000v\000a\000l\000e\000n\000c\000i\000a\000\040\000M\000a\000t\000r\000i\000c\000i\000a\000l}{section.1.9}% 16
\BOOKMARK [1][-]{section.1.10}{\376\377\000R\000e\000l\000a\000c\000i\000o\000n\000e\000s\000\040\000d\000e\000\040\000E\000q\000u\000i\000v\000a\000l\000e\000n\000c\000i\000a}{chapter.1}% 17
\BOOKMARK [1][-]{section.1.11}{\376\377\000C\000\341\000l\000c\000u\000l\000o\000\040\000d\000e\000\040\000M\000a\000t\000r\000i\000c\000e\000s\000\040\000d\000e\000\040\000P\000a\000s\000o\000\040\000\050\000M\000\351\000t\000o\000d\000o\000\040\000d\000e\000\040\000G\000a\000u\000s\000s\000\051}{chapter.1}% 18
\BOOKMARK [1][-]{section.1.12}{\376\377\000F\000o\000r\000m\000a\000\040\000n\000o\000r\000m\000a\000l}{chapter.1}% 19
\BOOKMARK [1][-]{section.1.13}{\376\377\000C\000\341\000l\000c\000u\000l\000o\000\040\000d\000e\000\040\000l\000a\000\040\000M\000a\000t\000r\000i\000z\000\040\000I\000n\000v\000e\000r\000s\000a}{chapter.1}% 20
\BOOKMARK [2][-]{subsection.1.13.1}{\376\377\000M\000\351\000t\000o\000d\000o\000\040\000p\000o\000r\000\040\000F\000i\000l\000a\000s\000\040\000\050\000G\000a\000u\000s\000s\000\051}{section.1.13}% 21
\BOOKMARK [2][-]{subsection.1.13.2}{\376\377\000M\000\351\000t\000o\000d\000o\000\040\000p\000o\000r\000\040\000C\000o\000l\000u\000m\000n\000a\000s}{section.1.13}% 22
\BOOKMARK [1][-]{section.1.14}{\376\377\000D\000e\000t\000e\000r\000m\000i\000n\000a\000n\000t\000e\000s}{chapter.1}% 23
\BOOKMARK [2][-]{subsection.1.14.1}{\376\377\000P\000r\000o\000p\000i\000e\000d\000a\000d\000e\000s\000\040\000F\000u\000n\000d\000a\000m\000e\000n\000t\000a\000l\000e\000s}{section.1.14}% 24
\BOOKMARK [2][-]{subsection.1.14.2}{\376\377\000M\000a\000t\000r\000i\000z\000\040\000A\000d\000j\000u\000n\000t\000a}{section.1.14}% 25
\BOOKMARK [2][-]{subsection.1.14.3}{\376\377\000C\000\341\000l\000c\000u\000l\000o\000\040\000d\000e\000\040\000d\000e\000t\000e\000r\000m\000i\000n\000a\000n\000t\000e\000s}{section.1.14}% 26
\BOOKMARK [0][-]{chapter.2}{\376\377\000T\000e\000m\000a\000\040\0002\000:\000\040\000E\000s\000p\000a\000c\000i\000o\000s\000\040\000V\000e\000c\000t\000o\000r\000i\000a\000l\000e\000s}{}% 27
\BOOKMARK [1][-]{section.2.1}{\376\377\000E\000s\000t\000r\000u\000c\000t\000u\000r\000a\000\040\000d\000e\000\040\000E\000s\000p\000a\000c\000i\000o\000\040\000V\000e\000c\000t\000o\000r\000i\000a\000l}{chapter.2}% 28
\BOOKMARK [2][-]{subsection.2.1.1}{\376\377\000P\000r\000o\000p\000i\000e\000d\000a\000d\000e\000s\000\040\000b\000\341\000s\000i\000c\000a\000s}{section.2.1}% 29
\BOOKMARK [2][-]{subsection.2.1.2}{\376\377\000S\000i\000s\000t\000e\000m\000a\000\040\000d\000e\000\040\000v\000e\000c\000t\000o\000r\000e\000s}{section.2.1}% 30
\BOOKMARK [2][-]{subsection.2.1.3}{\376\377\000C\000o\000n\000c\000e\000p\000t\000o\000s\000\040\000C\000l\000a\000v\000e}{section.2.1}% 31
\BOOKMARK [2][-]{subsection.2.1.4}{\376\377\000E\000q\000u\000i\000v\000a\000l\000e\000n\000c\000i\000a\000\040\000d\000e\000\040\000S\000i\000s\000t\000e\000m\000a\000s}{section.2.1}% 32
\BOOKMARK [2][-]{subsection.2.1.5}{\376\377\000O\000b\000t\000e\000n\000c\000i\000\363\000n\000\040\000d\000e\000\040\000e\000c\000u\000a\000c\000i\000o\000n\000e\000s}{section.2.1}% 33
\BOOKMARK [2][-]{subsection.2.1.6}{\376\377\000B\000a\000s\000e\000\040\000y\000\040\000D\000i\000m\000e\000n\000s\000i\000\363\000n}{section.2.1}% 34
\BOOKMARK [1][-]{section.2.2}{\376\377\000S\000u\000b\000e\000s\000p\000a\000c\000i\000o\000s\000\040\000V\000e\000c\000t\000o\000r\000i\000a\000l\000e\000s}{chapter.2}% 35
\BOOKMARK [2][-]{subsection.2.2.1}{\376\377\000I\000n\000t\000e\000r\000s\000e\000c\000c\000i\000\363\000n\000\040\000d\000e\000\040\000S\000u\000b\000e\000s\000p\000a\000c\000i\000o\000s}{section.2.2}% 36
\BOOKMARK [2][-]{subsection.2.2.2}{\376\377\000S\000u\000m\000a\000\040\000d\000e\000\040\000S\000u\000b\000e\000s\000p\000a\000c\000i\000o\000s}{section.2.2}% 37
\BOOKMARK [2][-]{subsection.2.2.3}{\376\377\000D\000i\000m\000e\000n\000s\000i\000o\000n\000e\000s\000\040\000y\000\040\000T\000i\000p\000o\000s\000\040\000d\000e\000\040\000S\000u\000m\000a}{section.2.2}% 38
\BOOKMARK [2][-]{subsection.2.2.4}{\376\377\000R\000e\000l\000a\000c\000i\000\363\000n\000\040\000E\000c\000u\000a\000c\000i\000o\000n\000e\000s\000\040\000-\000\040\000D\000i\000m\000e\000n\000s\000i\000\363\000n}{section.2.2}% 39
\BOOKMARK [1][-]{section.2.3}{\376\377\000C\000o\000o\000r\000d\000e\000n\000a\000d\000a\000s\000\040\000y\000\040\000C\000a\000m\000b\000i\000o\000\040\000d\000e\000\040\000B\000a\000s\000e}{chapter.2}% 40
\BOOKMARK [2][-]{subsection.2.3.1}{\376\377\000C\000o\000o\000r\000d\000e\000n\000a\000d\000a\000s}{section.2.3}% 41
\BOOKMARK [2][-]{subsection.2.3.2}{\376\377\000C\000a\000m\000b\000i\000o\000\040\000d\000e\000\040\000b\000a\000s\000e}{section.2.3}% 42
\BOOKMARK [2][-]{subsection.2.3.3}{\376\377\000C\000a\000m\000b\000i\000o\000\040\000d\000e\000\040\000b\000a\000s\000e\000\040\000g\000e\000n\000e\000r\000a\000l\000\040\000\050\000M\000a\000t\000r\000i\000c\000e\000s\000\040\000n\000o\000\040\000c\000a\000n\000\363\000n\000i\000c\000a\000s\000\051}{section.2.3}% 43
\BOOKMARK [1][-]{section.2.4}{\376\377\000E\000s\000p\000a\000c\000i\000o\000\040\000N\000u\000l\000o\000,\000\040\000d\000e\000\040\000F\000i\000l\000a\000s\000\040\000y\000\040\000C\000o\000l\000u\000m\000n\000a\000s}{chapter.2}% 44
\BOOKMARK [2][-]{subsection.2.4.1}{\376\377\000E\000s\000p\000a\000c\000i\000o\000\040\000N\000u\000l\000o\000\040\000\050\000N\000u\000l\000\050\000A\000\051\000\040\000o\000\040\000N\000\050\000A\000\051\000\040\000o\000\040\000K\000e\000r\000\050\000A\000\051\000\051}{section.2.4}% 45
\BOOKMARK [2][-]{subsection.2.4.2}{\376\377\000E\000s\000p\000a\000c\000i\000o\000\040\000d\000e\000\040\000F\000i\000l\000a\000s\000\040\000\050\000F\000i\000l\000\050\000A\000\051\000\040\000o\000\040\000F\000\050\000A\000\051\000\051}{section.2.4}% 46
\BOOKMARK [2][-]{subsection.2.4.3}{\376\377\000E\000s\000p\000a\000c\000i\000o\000\040\000d\000e\000\040\000C\000o\000l\000u\000m\000n\000a\000s\000\040\000\050\000C\000o\000l\000\050\000A\000\051\000\040\000o\000\040\000C\000\050\000A\000\051\000\051}{section.2.4}% 47
\BOOKMARK [1][-]{section.2.5}{\376\377\000A\000p\000l\000i\000c\000a\000c\000i\000o\000n\000e\000s\000\040\000L\000i\000n\000e\000a\000l\000e\000s}{chapter.2}% 48
\BOOKMARK [2][-]{subsection.2.5.1}{\376\377\000C\000l\000a\000s\000i\000f\000i\000c\000a\000c\000i\000\363\000n}{section.2.5}% 49
\BOOKMARK [2][-]{subsection.2.5.2}{\376\377\000N\000\372\000c\000l\000e\000o\000\040\000e\000\040\000I\000m\000a\000g\000e\000n}{section.2.5}% 50
\BOOKMARK [1][-]{section.2.6}{\376\377\000M\000a\000t\000r\000i\000z\000\040\000d\000e\000\040\000u\000n\000a\000\040\000A\000p\000l\000i\000c\000a\000c\000i\000\363\000n\000\040\000L\000i\000n\000e\000a\000l}{chapter.2}% 51
\BOOKMARK [2][-]{subsection.2.6.1}{\376\377\000C\000a\000m\000b\000i\000o\000\040\000d\000e\000\040\000B\000a\000s\000e\000\040\000e\000n\000\040\000A\000p\000l\000i\000c\000a\000c\000i\000o\000n\000e\000s}{section.2.6}% 52
\BOOKMARK [1][-]{section.2.7}{\376\377\000O\000p\000e\000r\000a\000c\000i\000o\000n\000e\000s\000\040\000y\000\040\000E\000n\000d\000o\000m\000o\000r\000f\000i\000s\000m\000o\000s}{chapter.2}% 53
\BOOKMARK [2][-]{subsection.2.7.1}{\376\377\000I\000n\000v\000a\000r\000i\000a\000n\000t\000e\000s}{section.2.7}% 54
\BOOKMARK [0][-]{chapter.3}{\376\377\000S\000e\000m\000e\000j\000a\000n\000z\000a\000\040\000y\000\040\000D\000i\000a\000g\000o\000n\000a\000l\000i\000z\000a\000c\000i\000\363\000n}{}% 55
\BOOKMARK [1][-]{section.3.1}{\376\377\000S\000e\000m\000e\000j\000a\000n\000z\000a}{chapter.3}% 56
\BOOKMARK [1][-]{section.3.2}{\376\377\000D\000i\000a\000g\000o\000n\000a\000l\000i\000z\000a\000c\000i\000\363\000n}{chapter.3}% 57
\BOOKMARK [0][-]{chapter.4}{\376\377\000E\000s\000p\000a\000c\000i\000o\000\040\000V\000e\000c\000t\000o\000r\000i\000a\000l\000\040\000E\000u\000c\000l\000\355\000d\000e\000o}{}% 58
\BOOKMARK [1][-]{section.4.1}{\376\377\000P\000r\000o\000d\000u\000c\000t\000o\000\040\000E\000s\000c\000a\000l\000a\000r}{chapter.4}% 59
\BOOKMARK [2][-]{subsection.4.1.1}{\376\377\000M\000a\000t\000r\000i\000z\000\040\000d\000e\000\040\000G\000r\000a\000m\000\040\000\050\000G\000\051}{section.4.1}% 60
\BOOKMARK [2][-]{subsection.4.1.2}{\376\377\000N\000o\000r\000m\000a\000\040\000y\000\040\000\301\000n\000g\000u\000l\000o}{section.4.1}% 61
\BOOKMARK [1][-]{section.4.2}{\376\377\000O\000r\000t\000o\000g\000o\000n\000a\000l\000i\000z\000a\000c\000i\000\363\000n\000\040\000d\000e\000\040\000G\000r\000a\000m\000-\000S\000c\000h\000m\000i\000d\000t}{chapter.4}% 62
\BOOKMARK [1][-]{section.4.3}{\376\377\000P\000r\000o\000y\000e\000c\000c\000i\000\363\000n\000\040\000O\000r\000t\000o\000g\000o\000n\000a\000l}{chapter.4}% 63
\BOOKMARK [1][-]{section.4.4}{\376\377\000P\000r\000o\000d\000u\000c\000t\000o\000\040\000V\000e\000c\000t\000o\000r\000i\000a\000l\000\040\000\050\000e\000n\000\040\000R\0003\000\051}{chapter.4}% 64
\BOOKMARK [1][-]{section.4.5}{\376\377\000M\000a\000t\000r\000i\000c\000e\000s\000\040\000S\000i\000m\000\351\000t\000r\000i\000c\000a\000s\000\040\000y\000\040\000O\000r\000t\000o\000g\000o\000n\000a\000l\000e\000s}{chapter.4}% 65
\BOOKMARK [1][-]{section.4.6}{\376\377\000I\000s\000o\000m\000e\000t\000r\000\355\000a\000s}{chapter.4}% 66
\BOOKMARK [2][-]{subsection.4.6.1}{\376\377\000I\000s\000o\000m\000e\000t\000r\000\355\000a\000s\000\040\000e\000n\000\040\000R\0003}{section.4.6}% 67
\BOOKMARK [2][-]{subsection.4.6.2}{\376\377\000I\000s\000o\000m\000e\000t\000r\000\355\000a\000s\000\040\000e\000n\000\040\000R\0002}{section.4.6}% 68
